<?xml version="1.0" encoding="UTF-8"?>
<testsuite name="ctrl.PingCtrlTest" tests="0" skipped="0" failures="0" errors="0" timestamp="1970-01-01T00:00:00" hostname="Gregorys-MacBook-Pro.local" time="0.0">
  <properties/>
  <system-out><![CDATA[]]></system-out>
  <system-err><![CDATA[Jan 04, 2018 4:48:00 PM org.springframework.test.context.web.WebTestContextBootstrapper getDefaultTestExecutionListenerClassNames
INFO: Loaded default TestExecutionListener class names from location [META-INF/spring.factories]: [org.springframework.test.context.web.ServletTestExecutionListener, org.springframework.test.context.support.DirtiesContextBeforeModesTestExecutionListener, org.springframework.test.context.support.DependencyInjectionTestExecutionListener, org.springframework.test.context.support.DirtiesContextTestExecutionListener, org.springframework.test.context.transaction.TransactionalTestExecutionListener, org.springframework.test.context.jdbc.SqlScriptsTestExecutionListener]
Jan 04, 2018 4:48:00 PM org.springframework.test.context.web.WebTestContextBootstrapper getTestExecutionListeners
INFO: Using TestExecutionListeners: [org.springframework.test.context.web.ServletTestExecutionListener@6a05eeab, org.springframework.test.context.support.DirtiesContextBeforeModesTestExecutionListener@2ecd978, org.springframework.test.context.support.DependencyInjectionTestExecutionListener@6f21d393, org.springframework.test.context.support.DirtiesContextTestExecutionListener@197400f9, org.springframework.test.context.transaction.TransactionalTestExecutionListener@5c41d5ca, org.springframework.test.context.jdbc.SqlScriptsTestExecutionListener@3802f023]
]]></system-err>
</testsuite>
